<?xml version="1.0" encoding="UTF-8"?>
<!-- Generated by org.testng.reporters.JUnitReportReporter -->
<testsuite hostname="dchaurasia" failures="0" tests="1" name="organization.CreateOrgTest" time="36.562" errors="0" timestamp="2025-04-01T23:08:13 IST" skipped="0">
  <testcase classname="organization.CreateOrgTest" name="createOrg" time="36.562"/>
</testsuite> <!-- organization.CreateOrgTest -->
