<?xml version="1.0" encoding="UTF-8"?>
<!-- Generated by org.testng.reporters.JUnitReportReporter -->
<testsuite hostname="dchaurasia" failures="0" tests="1" name="contact.CreateContacts" time="335.665" errors="0" timestamp="2025-04-03T00:39:36 IST" skipped="0">
  <testcase classname="contact.CreateContacts" name="createContWithBirthDateTest" time="335.665"/>
</testsuite> <!-- contact.CreateContacts -->
