<?xml version="1.0" encoding="UTF-8"?>
<!-- Generated by org.testng.reporters.JUnitReportReporter -->
<testsuite hostname="dchaurasia" failures="0" tests="1" name="opportunity_test.OpportunityTest" time="341.970" errors="0" timestamp="2025-04-02T22:57:00 IST" skipped="0">
  <testcase classname="opportunity_test.OpportunityTest" name="oppWithTypeTest" time="341.970"/>
</testsuite> <!-- opportunity_test.OpportunityTest -->
